This file contains any messages produced by compilers while
running configure, to aid debugging if configure makes a mistake.

It was created by configure, which was
generated by GNU Autoconf 2.61.  Invocation command line was

  $ ./configure --with-diskdefs=/cpmtools/diskdefs --with-defformat=apple-do

## --------- ##
## Platform. ##
## --------- ##

hostname = davinci
uname -m = i686
uname -r = 1.5.25(0.156/4/2)
uname -s = CYGWIN_NT-5.1
uname -v = 2008-06-12 19:34

/usr/bin/uname -p = unknown
/bin/uname -X     = unknown

/bin/arch              = i686
/usr/bin/arch -k       = unknown
/usr/convex/getsysinfo = unknown
/usr/bin/hostinfo      = unknown
/bin/machine           = unknown
/usr/bin/oslevel       = unknown
/bin/universe          = unknown

PATH: /usr/local/bin
PATH: /usr/bin
PATH: /bin
PATH: /usr/X11R6/bin
PATH: /cygdrive/c/ruby/bin
PATH: /cygdrive/c/WINDOWS/system32
PATH: /cygdrive/c/WINDOWS
PATH: /cygdrive/c/WINDOWS/System32/Wbem
PATH: /cygdrive/c/Utl
PATH: /cygdrive/c/Program Files/Microsoft SQL Server/90/Tools/binn/
PATH: /cygdrive/c/Qt/4.1.4/bin
PATH: /cygdrive/c/j2sdk1.4.2_12/bin
PATH: /cygdrive/c/Program Files/QuickTime/QTSystem/
PATH: /usr/lib/lapack


## ----------- ##
## Core tests. ##
## ----------- ##

configure:1747: checking build system type
configure:1765: result: i686-pc-cygwin
configure:1787: checking host system type
configure:1802: result: i686-pc-cygwin
configure:1885: checking for gcc
configure:1901: found /usr/bin/gcc
configure:1912: result: gcc
configure:2150: checking for C compiler version
configure:2157: gcc --version >&5
gcc (GCC) 3.4.4 (cygming special, gdc 0.12, using dmd 0.125)
Copyright (C) 2004 Free Software Foundation, Inc.
This is free software; see the source for copying conditions.  There is NO
warranty; not even for MERCHANTABILITY or FITNESS FOR A PARTICULAR PURPOSE.

configure:2160: $? = 0
configure:2167: gcc -v >&5
Reading specs from /usr/lib/gcc/i686-pc-cygwin/3.4.4/specs
Configured with: /usr/build/package/orig/test.respin/gcc-3.4.4-3/configure --verbose --prefix=/usr --exec-prefix=/usr --sysconfdir=/etc --libdir=/usr/lib --libexecdir=/usr/lib --mandir=/usr/share/man --infodir=/usr/share/info --enable-languages=c,ada,c++,d,f77,pascal,java,objc --enable-nls --without-included-gettext --enable-version-specific-runtime-libs --without-x --enable-libgcj --disable-java-awt --with-system-zlib --enable-interpreter --disable-libgcj-debug --enable-threads=posix --enable-java-gc=boehm --disable-win32-registry --enable-sjlj-exceptions --enable-hash-synchronization --enable-libstdcxx-debug
Thread model: posix
gcc version 3.4.4 (cygming special, gdc 0.12, using dmd 0.125)
configure:2170: $? = 0
configure:2177: gcc -V >&5
gcc: `-V' option must have argument
configure:2180: $? = 1
configure:2203: checking for C compiler default output file name
configure:2230: gcc    conftest.c  >&5
configure:2233: $? = 0
configure:2271: result: a.exe
configure:2288: checking whether the C compiler works
configure:2298: ./a.exe
configure:2301: $? = 0
configure:2318: result: yes
configure:2325: checking whether we are cross compiling
configure:2327: result: no
configure:2330: checking for suffix of executables
configure:2337: gcc -o conftest.exe    conftest.c  >&5
configure:2340: $? = 0
configure:2364: result: .exe
configure:2370: checking for suffix of object files
configure:2396: gcc -c   conftest.c >&5
configure:2399: $? = 0
configure:2422: result: o
configure:2426: checking whether we are using the GNU C compiler
configure:2455: gcc -c   conftest.c >&5
configure:2461: $? = 0
configure:2478: result: yes
configure:2483: checking whether gcc accepts -g
configure:2513: gcc -c -g  conftest.c >&5
configure:2519: $? = 0
configure:2618: result: yes
configure:2635: checking for gcc option to accept ISO C89
configure:2709: gcc  -c -g -O2  conftest.c >&5
configure:2715: $? = 0
configure:2738: result: none needed
configure:2769: checking for a BSD-compatible install
configure:2825: result: /usr/bin/install -c
configure:2841: checking how to run the C preprocessor
configure:2881: gcc -E  conftest.c
configure:2887: $? = 0
configure:2918: gcc -E  conftest.c
conftest.c:8:28: ac_nonexistent.h: No such file or directory
configure:2924: $? = 1
configure: failed program was:
| /* confdefs.h.  */
| #define PACKAGE_NAME ""
| #define PACKAGE_TARNAME ""
| #define PACKAGE_VERSION ""
| #define PACKAGE_STRING ""
| #define PACKAGE_BUGREPORT ""
| /* end confdefs.h.  */
| #include <ac_nonexistent.h>
configure:2957: result: gcc -E
configure:2986: gcc -E  conftest.c
configure:2992: $? = 0
configure:3023: gcc -E  conftest.c
conftest.c:8:28: ac_nonexistent.h: No such file or directory
configure:3029: $? = 1
configure: failed program was:
| /* confdefs.h.  */
| #define PACKAGE_NAME ""
| #define PACKAGE_TARNAME ""
| #define PACKAGE_VERSION ""
| #define PACKAGE_STRING ""
| #define PACKAGE_BUGREPORT ""
| /* end confdefs.h.  */
| #include <ac_nonexistent.h>
configure:3076: checking host system type
configure:3091: result: i686-pc-cygwin
configure:3118: checking host system type
configure:3133: result: i686-pc-cygwin
configure:3212: checking for printw in -lcurses
configure:3247: gcc -o conftest.exe -g -O2 -pipe -Wall -Wno-unused -Wshadow -Wbad-function-cast -Wmissing-prototypes -Wstrict-prototypes -Wcast-align -Wcast-qual -Wpointer-arith -Wwrite-strings -Wmissing-declarations -Wnested-externs -Wundef -pedantic -fno-common   -g conftest.c -lcurses   >&5
conftest.c:15: warning: function declaration isn't a prototype
conftest.c:18: warning: function declaration isn't a prototype
configure:3253: $? = 0
configure:3271: result: yes
configure:3992: checking windows.h usability
configure:4009: gcc -c -g -O2 -pipe -Wall -Wno-unused -Wshadow -Wbad-function-cast -Wmissing-prototypes -Wstrict-prototypes -Wcast-align -Wcast-qual -Wpointer-arith -Wwrite-strings -Wmissing-declarations -Wnested-externs -Wundef -pedantic -fno-common  conftest.c >&5
configure:4015: $? = 0
configure:4029: result: yes
configure:4033: checking windows.h presence
configure:4048: gcc -E  conftest.c
configure:4054: $? = 0
configure:4068: result: yes
configure:4096: checking for windows.h
configure:4104: result: yes
configure:3992: checking winioctl.h usability
configure:4009: gcc -c -g -O2 -pipe -Wall -Wno-unused -Wshadow -Wbad-function-cast -Wmissing-prototypes -Wstrict-prototypes -Wcast-align -Wcast-qual -Wpointer-arith -Wwrite-strings -Wmissing-declarations -Wnested-externs -Wundef -pedantic -fno-common  conftest.c >&5
In file included from conftest.c:42:
/usr/lib/gcc/i686-pc-cygwin/3.4.4/../../../../include/w32api/winioctl.h:193: error: parse error before "BAD_TRACK_NUMBER"
/usr/lib/gcc/i686-pc-cygwin/3.4.4/../../../../include/w32api/winioctl.h:193: error: ISO C forbids data definition with no type or storage class
/usr/lib/gcc/i686-pc-cygwin/3.4.4/../../../../include/w32api/winioctl.h:196: error: parse error before "LARGE_INTEGER"
/usr/lib/gcc/i686-pc-cygwin/3.4.4/../../../../include/w32api/winioctl.h:197: error: ISO C forbids data definition with no type or storage class
/usr/lib/gcc/i686-pc-cygwin/3.4.4/../../../../include/w32api/winioctl.h:198: error: ISO C forbids data definition with no type or storage class
/usr/lib/gcc/i686-pc-cygwin/3.4.4/../../../../include/w32api/winioctl.h:200: error: parse error before "BIN_RANGE"
/usr/lib/gcc/i686-pc-cygwin/3.4.4/../../../../include/w32api/winioctl.h:201: error: ISO C forbids data definition with no type or storage class
/usr/lib/gcc/i686-pc-cygwin/3.4.4/../../../../include/w32api/winioctl.h:202: error: ISO C forbids data definition with no type or storage class
/usr/lib/gcc/i686-pc-cygwin/3.4.4/../../../../include/w32api/winioctl.h:204: error: parse error before "DWORD"
/usr/lib/gcc/i686-pc-cygwin/3.4.4/../../../../include/w32api/winioctl.h:205: error: ISO C forbids data definition with no type or storage class
/usr/lib/gcc/i686-pc-cygwin/3.4.4/../../../../include/w32api/winioctl.h:206: error: parse error before '}' token
/usr/lib/gcc/i686-pc-cygwin/3.4.4/../../../../include/w32api/winioctl.h:206: error: ISO C forbids data definition with no type or storage class
/usr/lib/gcc/i686-pc-cygwin/3.4.4/../../../../include/w32api/winioctl.h:213: error: parse error before "GUID"
/usr/lib/gcc/i686-pc-cygwin/3.4.4/../../../../include/w32api/winioctl.h:214: error: ISO C forbids data definition with no type or storage class
/usr/lib/gcc/i686-pc-cygwin/3.4.4/../../../../include/w32api/winioctl.h:215: error: ISO C forbids data definition with no type or storage class
/usr/lib/gcc/i686-pc-cygwin/3.4.4/../../../../include/w32api/winioctl.h:217: error: parse error before "DWORD"
/usr/lib/gcc/i686-pc-cygwin/3.4.4/../../../../include/w32api/winioctl.h:218: error: ISO C forbids data definition with no type or storage class
/usr/lib/gcc/i686-pc-cygwin/3.4.4/../../../../include/w32api/winioctl.h:221: error: parse error before "_ANONYMOUS_UNION"
/usr/lib/gcc/i686-pc-cygwin/3.4.4/../../../../include/w32api/winioctl.h:223: error: ISO C forbids data definition with no type or storage class
/usr/lib/gcc/i686-pc-cygwin/3.4.4/../../../../include/w32api/winioctl.h:225: error: ISO C forbids data definition with no type or storage class
/usr/lib/gcc/i686-pc-cygwin/3.4.4/../../../../include/w32api/winioctl.h:232: error: parse error before "BOOLEAN"
/usr/lib/gcc/i686-pc-cygwin/3.4.4/../../../../include/w32api/winioctl.h:233: error: ISO C forbids data definition with no type or storage class
/usr/lib/gcc/i686-pc-cygwin/3.4.4/../../../../include/w32api/winioctl.h:234: error: parse error before "WriteCacheEnabled"
/usr/lib/gcc/i686-pc-cygwin/3.4.4/../../../../include/w32api/winioctl.h:234: error: ISO C forbids data definition with no type or storage class
/usr/lib/gcc/i686-pc-cygwin/3.4.4/../../../../include/w32api/winioctl.h:237: error: parse error before "DisablePrefetchTransferLength"
/usr/lib/gcc/i686-pc-cygwin/3.4.4/../../../../include/w32api/winioctl.h:237: error: ISO C forbids data definition with no type or storage class
/usr/lib/gcc/i686-pc-cygwin/3.4.4/../../../../include/w32api/winioctl.h:238: error: parse error before "PrefetchScalar"
/usr/lib/gcc/i686-pc-cygwin/3.4.4/../../../../include/w32api/winioctl.h:238: error: ISO C forbids data definition with no type or storage class
/usr/lib/gcc/i686-pc-cygwin/3.4.4/../../../../include/w32api/winioctl.h:239: error: syntax error before "union"
/usr/lib/gcc/i686-pc-cygwin/3.4.4/../../../../include/w32api/winioctl.h:241: error: parse error before "WORD"
/usr/lib/gcc/i686-pc-cygwin/3.4.4/../../../../include/w32api/winioctl.h:242: error: ISO C forbids data definition with no type or storage class
/usr/lib/gcc/i686-pc-cygwin/3.4.4/../../../../include/w32api/winioctl.h:243: error: parse error before "MaximumBlocks"
/usr/lib/gcc/i686-pc-cygwin/3.4.4/../../../../include/w32api/winioctl.h:243: error: ISO C forbids data definition with no type or storage class
/usr/lib/gcc/i686-pc-cygwin/3.4.4/../../../../include/w32api/winioctl.h:244: error: ISO C forbids data definition with no type or storage class
/usr/lib/gcc/i686-pc-cygwin/3.4.4/../../../../include/w32api/winioctl.h:246: error: parse error before "WORD"
/usr/lib/gcc/i686-pc-cygwin/3.4.4/../../../../include/w32api/winioctl.h:247: error: ISO C forbids data definition with no type or storage class
/usr/lib/gcc/i686-pc-cygwin/3.4.4/../../../../include/w32api/winioctl.h:248: error: ISO C forbids data definition with no type or storage class
/usr/lib/gcc/i686-pc-cygwin/3.4.4/../../../../include/w32api/winioctl.h:249: error: parse error before '}' token
/usr/lib/gcc/i686-pc-cygwin/3.4.4/../../../../include/w32api/winioctl.h:250: error: ISO C forbids data definition with no type or storage class
/usr/lib/gcc/i686-pc-cygwin/3.4.4/../../../../include/w32api/winioctl.h:257: error: parse error before "WORD"
/usr/lib/gcc/i686-pc-cygwin/3.4.4/../../../../include/w32api/winioctl.h:258: error: ISO C forbids data definition with no type or storage class
/usr/lib/gcc/i686-pc-cygwin/3.4.4/../../../../include/w32api/winioctl.h:259: error: parse error before "SectorsPerTrack"
/usr/lib/gcc/i686-pc-cygwin/3.4.4/../../../../include/w32api/winioctl.h:259: error: ISO C forbids data definition with no type or storage class
/usr/lib/gcc/i686-pc-cygwin/3.4.4/../../../../include/w32api/winioctl.h:260: error: parse error before "MaxHeads"
/usr/lib/gcc/i686-pc-cygwin/3.4.4/../../../../include/w32api/winioctl.h:260: error: ISO C forbids data definition with no type or storage class
/usr/lib/gcc/i686-pc-cygwin/3.4.4/../../../../include/w32api/winioctl.h:261: error: parse error before "NumberDrives"
/usr/lib/gcc/i686-pc-cygwin/3.4.4/../../../../include/w32api/winioctl.h:261: error: ISO C forbids data definition with no type or storage class
/usr/lib/gcc/i686-pc-cygwin/3.4.4/../../../../include/w32api/winioctl.h:262: error: ISO C forbids data definition with no type or storage class
/usr/lib/gcc/i686-pc-cygwin/3.4.4/../../../../include/w32api/winioctl.h:264: error: parse error before "WORD"
/usr/lib/gcc/i686-pc-cygwin/3.4.4/../../../../include/w32api/winioctl.h:265: error: ISO C forbids data definition with no type or storage class
/usr/lib/gcc/i686-pc-cygwin/3.4.4/../../../../include/w32api/winioctl.h:266: error: parse error before "ExCylinders"
/usr/lib/gcc/i686-pc-cygwin/3.4.4/../../../../include/w32api/winioctl.h:266: error: ISO C forbids data definition with no type or storage class
/usr/lib/gcc/i686-pc-cygwin/3.4.4/../../../../include/w32api/winioctl.h:267: error: parse error before "ExHeads"
/usr/lib/gcc/i686-pc-cygwin/3.4.4/../../../../include/w32api/winioctl.h:267: error: ISO C forbids data definition with no type or storage class
/usr/lib/gcc/i686-pc-cygwin/3.4.4/../../../../include/w32api/winioctl.h:268: error: parse error before "ExSectorsPerTrack"
/usr/lib/gcc/i686-pc-cygwin/3.4.4/../../../../include/w32api/winioctl.h:268: error: ISO C forbids data definition with no type or storage class
/usr/lib/gcc/i686-pc-cygwin/3.4.4/../../../../include/w32api/winioctl.h:269: error: parse error before "ExSectorsPerDrive"
/usr/lib/gcc/i686-pc-cygwin/3.4.4/../../../../include/w32api/winioctl.h:269: error: ISO C forbids data definition with no type or storage class
/usr/lib/gcc/i686-pc-cygwin/3.4.4/../../../../include/w32api/winioctl.h:270: error: parse error before "ExSectorSize"
/usr/lib/gcc/i686-pc-cygwin/3.4.4/../../../../include/w32api/winioctl.h:270: error: ISO C forbids data definition with no type or storage class
/usr/lib/gcc/i686-pc-cygwin/3.4.4/../../../../include/w32api/winioctl.h:271: error: parse error before "ExReserved"
/usr/lib/gcc/i686-pc-cygwin/3.4.4/../../../../include/w32api/winioctl.h:271: error: ISO C forbids data definition with no type or storage class
/usr/lib/gcc/i686-pc-cygwin/3.4.4/../../../../include/w32api/winioctl.h:272: error: ISO C forbids data definition with no type or storage class
/usr/lib/gcc/i686-pc-cygwin/3.4.4/../../../../include/w32api/winioctl.h:274: error: parse error before "DWORD"
/usr/lib/gcc/i686-pc-cygwin/3.4.4/../../../../include/w32api/winioctl.h:276: error: syntax error before "union"
/usr/lib/gcc/i686-pc-cygwin/3.4.4/../../../../include/w32api/winioctl.h:279: error: ISO C forbids data definition with no type or storage class
/usr/lib/gcc/i686-pc-cygwin/3.4.4/../../../../include/w32api/winioctl.h:282: error: ISO C forbids data definition with no type or storage class
/usr/lib/gcc/i686-pc-cygwin/3.4.4/../../../../include/w32api/winioctl.h:312: error: parse error before "LARGE_INTEGER"
/usr/lib/gcc/i686-pc-cygwin/3.4.4/../../../../include/w32api/winioctl.h:314: error: parse error before "TracksPerCylinder"
/usr/lib/gcc/i686-pc-cygwin/3.4.4/../../../../include/w32api/winioctl.h:314: error: ISO C forbids data definition with no type or storage class
/usr/lib/gcc/i686-pc-cygwin/3.4.4/../../../../include/w32api/winioctl.h:315: error: parse error before "SectorsPerTrack"
/usr/lib/gcc/i686-pc-cygwin/3.4.4/../../../../include/w32api/winioctl.h:315: error: ISO C forbids data definition with no type or storage class
/usr/lib/gcc/i686-pc-cygwin/3.4.4/../../../../include/w32api/winioctl.h:316: error: parse error before "BytesPerSector"
/usr/lib/gcc/i686-pc-cygwin/3.4.4/../../../../include/w32api/winioctl.h:316: error: ISO C forbids data definition with no type or storage class
/usr/lib/gcc/i686-pc-cygwin/3.4.4/../../../../include/w32api/winioctl.h:317: error: ISO C forbids data definition with no type or storage class
/usr/lib/gcc/i686-pc-cygwin/3.4.4/../../../../include/w32api/winioctl.h:319: error: parse error before "DISK_GEOMETRY"
/usr/lib/gcc/i686-pc-cygwin/3.4.4/../../../../include/w32api/winioctl.h:320: error: ISO C forbids data definition with no type or storage class
/usr/lib/gcc/i686-pc-cygwin/3.4.4/../../../../include/w32api/winioctl.h:321: error: parse error before "Data"
/usr/lib/gcc/i686-pc-cygwin/3.4.4/../../../../include/w32api/winioctl.h:321: error: ISO C forbids data definition with no type or storage class
/usr/lib/gcc/i686-pc-cygwin/3.4.4/../../../../include/w32api/winioctl.h:322: error: parse error before '}' token
/usr/lib/gcc/i686-pc-cygwin/3.4.4/../../../../include/w32api/winioctl.h:322: error: ISO C forbids data definition with no type or storage class
/usr/lib/gcc/i686-pc-cygwin/3.4.4/../../../../include/w32api/winioctl.h:324: error: parse error before "DWORD"
/usr/lib/gcc/i686-pc-cygwin/3.4.4/../../../../include/w32api/winioctl.h:325: error: ISO C forbids data definition with no type or storage class
/usr/lib/gcc/i686-pc-cygwin/3.4.4/../../../../include/w32api/winioctl.h:326: error: ISO C forbids data definition with no type or storage class
/usr/lib/gcc/i686-pc-cygwin/3.4.4/../../../../include/w32api/winioctl.h:328: error: parse error before "DWORD"
/usr/lib/gcc/i686-pc-cygwin/3.4.4/../../../../include/w32api/winioctl.h:330: error: syntax error before "union"
/usr/lib/gcc/i686-pc-cygwin/3.4.4/../../../../include/w32api/winioctl.h:332: error: parse error before "DWORD"
/usr/lib/gcc/i686-pc-cygwin/3.4.4/../../../../include/w32api/winioctl.h:333: error: ISO C forbids data definition with no type or storage class
/usr/lib/gcc/i686-pc-cygwin/3.4.4/../../../../include/w32api/winioctl.h:335: error: parse error before "GUID"
/usr/lib/gcc/i686-pc-cygwin/3.4.4/../../../../include/w32api/winioctl.h:336: error: ISO C forbids data definition with no type or storage class
/usr/lib/gcc/i686-pc-cygwin/3.4.4/../../../../include/w32api/winioctl.h:337: error: parse error before '}' token
/usr/lib/gcc/i686-pc-cygwin/3.4.4/../../../../include/w32api/winioctl.h:338: error: ISO C forbids data definition with no type or storage class
/usr/lib/gcc/i686-pc-cygwin/3.4.4/../../../../include/w32api/winioctl.h:340: error: parse error before "LARGE_INTEGER"
/usr/lib/gcc/i686-pc-cygwin/3.4.4/../../../../include/w32api/winioctl.h:341: error: ISO C forbids data definition with no type or storage class
/usr/lib/gcc/i686-pc-cygwin/3.4.4/../../../../include/w32api/winioctl.h:342: error: parse error before "ReadTime"
/usr/lib/gcc/i686-pc-cygwin/3.4.4/../../../../include/w32api/winioctl.h:342: error: ISO C forbids data definition with no type or storage class
/usr/lib/gcc/i686-pc-cygwin/3.4.4/../../../../include/w32api/winioctl.h:343: error: parse error before "WriteTime"
/usr/lib/gcc/i686-pc-cygwin/3.4.4/../../../../include/w32api/winioctl.h:343: error: ISO C forbids data definition with no type or storage class
/usr/lib/gcc/i686-pc-cygwin/3.4.4/../../../../include/w32api/winioctl.h:344: error: parse error before "ReadCount"
/usr/lib/gcc/i686-pc-cygwin/3.4.4/../../../../include/w32api/winioctl.h:344: error: ISO C forbids data definition with no type or storage class
/usr/lib/gcc/i686-pc-cygwin/3.4.4/../../../../include/w32api/winioctl.h:345: error: parse error before "WriteCount"
/usr/lib/gcc/i686-pc-cygwin/3.4.4/../../../../include/w32api/winioctl.h:345: error: ISO C forbids data definition with no type or storage class
/usr/lib/gcc/i686-pc-cygwin/3.4.4/../../../../include/w32api/winioctl.h:346: error: parse error before "QueueDepth"
/usr/lib/gcc/i686-pc-cygwin/3.4.4/../../../../include/w32api/winioctl.h:346: error: ISO C forbids data definition with no type or storage class
/usr/lib/gcc/i686-pc-cygwin/3.4.4/../../../../include/w32api/winioctl.h:347: error: ISO C forbids data definition with no type or storage class
/usr/lib/gcc/i686-pc-cygwin/3.4.4/../../../../include/w32api/winioctl.h:349: error: parse error before "LARGE_INTEGER"
/usr/lib/gcc/i686-pc-cygwin/3.4.4/../../../../include/w32api/winioctl.h:350: error: ISO C forbids data definition with no type or storage class
/usr/lib/gcc/i686-pc-cygwin/3.4.4/../../../../include/w32api/winioctl.h:351: error: parse error before "EndTime"
/usr/lib/gcc/i686-pc-cygwin/3.4.4/../../../../include/w32api/winioctl.h:351: error: ISO C forbids data definition with no type or storage class
/usr/lib/gcc/i686-pc-cygwin/3.4.4/../../../../include/w32api/winioctl.h:352: error: parse error before "VirtualAddress"
/usr/lib/gcc/i686-pc-cygwin/3.4.4/../../../../include/w32api/winioctl.h:352: error: ISO C forbids data definition with no type or storage class
/usr/lib/gcc/i686-pc-cygwin/3.4.4/../../../../include/w32api/winioctl.h:353: error: parse error before "NumberOfBytes"
/usr/lib/gcc/i686-pc-cygwin/3.4.4/../../../../include/w32api/winioctl.h:353: error: ISO C forbids data definition with no type or storage class
/usr/lib/gcc/i686-pc-cygwin/3.4.4/../../../../include/w32api/winioctl.h:354: error: parse error before "DeviceNumber"
/usr/lib/gcc/i686-pc-cygwin/3.4.4/../../../../include/w32api/winioctl.h:354: error: ISO C forbids data definition with no type or storage class
/usr/lib/gcc/i686-pc-cygwin/3.4.4/../../../../include/w32api/winioctl.h:355: error: parse error before "ReadRequest"
/usr/lib/gcc/i686-pc-cygwin/3.4.4/../../../../include/w32api/winioctl.h:355: error: ISO C forbids data definition with no type or storage class
/usr/lib/gcc/i686-pc-cygwin/3.4.4/../../../../include/w32api/winioctl.h:356: error: ISO C forbids data definition with no type or storage class
/usr/lib/gcc/i686-pc-cygwin/3.4.4/../../../../include/w32api/winioctl.h:358: error: parse error before "BYTE"
/usr/lib/gcc/i686-pc-cygwin/3.4.4/../../../../include/w32api/winioctl.h:359: error: ISO C forbids data definition with no type or storage class
/usr/lib/gcc/i686-pc-cygwin/3.4.4/../../../../include/w32api/winioctl.h:360: error: parse error before "BufferSize"
/usr/lib/gcc/i686-pc-cygwin/3.4.4/../../../../include/w32api/winioctl.h:360: error: ISO C forbids data definition with no type or storage class
/usr/lib/gcc/i686-pc-cygwin/3.4.4/../../../../include/w32api/winioctl.h:361: error: ISO C forbids data definition with no type or storage class
/usr/lib/gcc/i686-pc-cygwin/3.4.4/../../../../include/w32api/winioctl.h:363: error: parse error before "LONGLONG"
/usr/lib/gcc/i686-pc-cygwin/3.4.4/../../../../include/w32api/winioctl.h:364: error: ISO C forbids data definition with no type or storage class
/usr/lib/gcc/i686-pc-cygwin/3.4.4/../../../../include/w32api/winioctl.h:365: error: parse error before "QuotaLimit"
/usr/lib/gcc/i686-pc-cygwin/3.4.4/../../../../include/w32api/winioctl.h:365: error: ISO C forbids data definition with no type or storage class
/usr/lib/gcc/i686-pc-cygwin/3.4.4/../../../../include/w32api/winioctl.h:366: error: ISO C forbids data definition with no type or storage class
/usr/lib/gcc/i686-pc-cygwin/3.4.4/../../../../include/w32api/winioctl.h:369: error: parse error before "DWORD"
/usr/lib/gcc/i686-pc-cygwin/3.4.4/../../../../include/w32api/winioctl.h:370: error: ISO C forbids data definition with no type or storage class
/usr/lib/gcc/i686-pc-cygwin/3.4.4/../../../../include/w32api/winioctl.h:371: error: parse error before "StartHeadNumber"
/usr/lib/gcc/i686-pc-cygwin/3.4.4/../../../../include/w32api/winioctl.h:371: error: ISO C forbids data definition with no type or storage class
/usr/lib/gcc/i686-pc-cygwin/3.4.4/../../../../include/w32api/winioctl.h:372: error: parse error before "EndHeadNumber"
/usr/lib/gcc/i686-pc-cygwin/3.4.4/../../../../include/w32api/winioctl.h:372: error: ISO C forbids data definition with no type or storage class
/usr/lib/gcc/i686-pc-cygwin/3.4.4/../../../../include/w32api/winioctl.h:373: error: ISO C forbids data definition with no type or storage class
/usr/lib/gcc/i686-pc-cygwin/3.4.4/../../../../include/w32api/winioctl.h:376: error: parse error before "DWORD"
/usr/lib/gcc/i686-pc-cygwin/3.4.4/../../../../include/w32api/winioctl.h:377: error: ISO C forbids data definition with no type or storage class
/usr/lib/gcc/i686-pc-cygwin/3.4.4/../../../../include/w32api/winioctl.h:378: error: parse error before "StartHeadNumber"
/usr/lib/gcc/i686-pc-cygwin/3.4.4/../../../../include/w32api/winioctl.h:378: error: ISO C forbids data definition with no type or storage class
/usr/lib/gcc/i686-pc-cygwin/3.4.4/../../../../include/w32api/winioctl.h:379: error: parse error before "EndHeadNumber"
/usr/lib/gcc/i686-pc-cygwin/3.4.4/../../../../include/w32api/winioctl.h:379: error: ISO C forbids data definition with no type or storage class
/usr/lib/gcc/i686-pc-cygwin/3.4.4/../../../../include/w32api/winioctl.h:380: error: parse error before "FormatGapLength"
/usr/lib/gcc/i686-pc-cygwin/3.4.4/../../../../include/w32api/winioctl.h:380: error: ISO C forbids data definition with no type or storage class
/usr/lib/gcc/i686-pc-cygwin/3.4.4/../../../../include/w32api/winioctl.h:381: error: parse error before "SectorsPerTrack"
/usr/lib/gcc/i686-pc-cygwin/3.4.4/../../../../include/w32api/winioctl.h:381: error: ISO C forbids data definition with no type or storage class
/usr/lib/gcc/i686-pc-cygwin/3.4.4/../../../../include/w32api/winioctl.h:382: error: parse error before "SectorNumber"
/usr/lib/gcc/i686-pc-cygwin/3.4.4/../../../../include/w32api/winioctl.h:382: error: ISO C forbids data definition with no type or storage class
/usr/lib/gcc/i686-pc-cygwin/3.4.4/../../../../include/w32api/winioctl.h:383: error: parse error before '}' token
/usr/lib/gcc/i686-pc-cygwin/3.4.4/../../../../include/w32api/winioctl.h:383: error: ISO C forbids data definition with no type or storage class
/usr/lib/gcc/i686-pc-cygwin/3.4.4/../../../../include/w32api/winioctl.h:385: error: parse error before "LARGE_INTEGER"
/usr/lib/gcc/i686-pc-cygwin/3.4.4/../../../../include/w32api/winioctl.h:386: error: ISO C forbids data definition with no type or storage class
/usr/lib/gcc/i686-pc-cygwin/3.4.4/../../../../include/w32api/winioctl.h:388: error: parse error before "DWORD"
/usr/lib/gcc/i686-pc-cygwin/3.4.4/../../../../include/w32api/winioctl.h:389: error: ISO C forbids data definition with no type or storage class
/usr/lib/gcc/i686-pc-cygwin/3.4.4/../../../../include/w32api/winioctl.h:390: error: ISO C forbids data definition with no type or storage class
/usr/lib/gcc/i686-pc-cygwin/3.4.4/../../../../include/w32api/winioctl.h:392: error: parse error before "LARGE_INTEGER"
/usr/lib/gcc/i686-pc-cygwin/3.4.4/../../../../include/w32api/winioctl.h:393: error: ISO C forbids data definition with no type or storage class
/usr/lib/gcc/i686-pc-cygwin/3.4.4/../../../../include/w32api/winioctl.h:394: error: parse error before "End"
/usr/lib/gcc/i686-pc-cygwin/3.4.4/../../../../include/w32api/winioctl.h:394: error: ISO C forbids data definition with no type or storage class
/usr/lib/gcc/i686-pc-cygwin/3.4.4/../../../../include/w32api/winioctl.h:395: error: parse error before "Average"
/usr/lib/gcc/i686-pc-cygwin/3.4.4/../../../../include/w32api/winioctl.h:395: error: ISO C forbids data definition with no type or storage class
/usr/lib/gcc/i686-pc-cygwin/3.4.4/../../../../include/w32api/winioctl.h:396: error: parse error before "AverageRead"
/usr/lib/gcc/i686-pc-cygwin/3.4.4/../../../../include/w32api/winioctl.h:396: error: ISO C forbids data definition with no type or storage class
/usr/lib/gcc/i686-pc-cygwin/3.4.4/../../../../include/w32api/winioctl.h:397: error: parse error before "AverageWrite"
/usr/lib/gcc/i686-pc-cygwin/3.4.4/../../../../include/w32api/winioctl.h:397: error: ISO C forbids data definition with no type or storage class
/usr/lib/gcc/i686-pc-cygwin/3.4.4/../../../../include/w32api/winioctl.h:398: error: parse error before "Granularity"
/usr/lib/gcc/i686-pc-cygwin/3.4.4/../../../../include/w32api/winioctl.h:398: error: ISO C forbids data definition with no type or storage class
/usr/lib/gcc/i686-pc-cygwin/3.4.4/../../../../include/w32api/winioctl.h:399: error: parse error before "Size"
/usr/lib/gcc/i686-pc-cygwin/3.4.4/../../../../include/w32api/winioctl.h:399: error: ISO C forbids data definition with no type or storage class
/usr/lib/gcc/i686-pc-cygwin/3.4.4/../../../../include/w32api/winioctl.h:400: error: parse error before "ReadCount"
/usr/lib/gcc/i686-pc-cygwin/3.4.4/../../../../include/w32api/winioctl.h:400: error: ISO C forbids data definition with no type or storage class
/usr/lib/gcc/i686-pc-cygwin/3.4.4/../../../../include/w32api/winioctl.h:401: error: parse error before "WriteCount"
/usr/lib/gcc/i686-pc-cygwin/3.4.4/../../../../include/w32api/winioctl.h:401: error: ISO C forbids data definition with no type or storage class
/usr/lib/gcc/i686-pc-cygwin/3.4.4/../../../../include/w32api/winioctl.h:402: error: parse error before "Histogram"
/usr/lib/gcc/i686-pc-cygwin/3.4.4/../../../../include/w32api/winioctl.h:402: error: ISO C forbids data definition with no type or storage class
/usr/lib/gcc/i686-pc-cygwin/3.4.4/../../../../include/w32api/winioctl.h:403: error: ISO C forbids data definition with no type or storage class
/usr/lib/gcc/i686-pc-cygwin/3.4.4/../../../../include/w32api/winioctl.h:405: error: parse error before "DWORD"
/usr/lib/gcc/i686-pc-cygwin/3.4.4/../../../../include/w32api/winioctl.h:406: error: ISO C forbids data definition with no type or storage class
/usr/lib/gcc/i686-pc-cygwin/3.4.4/../../../../include/w32api/winioctl.h:407: error: parse error before "ExtentLength"
/usr/lib/gcc/i686-pc-cygwin/3.4.4/../../../../include/w32api/winioctl.h:407: error: ISO C forbids data definition with no type or storage class
/usr/lib/gcc/i686-pc-cygwin/3.4.4/../../../../include/w32api/winioctl.h:408: error: ISO C forbids data definition with no type or storage class
/usr/lib/gcc/i686-pc-cygwin/3.4.4/../../../../include/w32api/winioctl.h:410: error: parse error before "DWORD"
/usr/lib/gcc/i686-pc-cygwin/3.4.4/../../../../include/w32api/winioctl.h:411: error: ISO C forbids data definition with no type or storage class
/usr/lib/gcc/i686-pc-cygwin/3.4.4/../../../../include/w32api/winioctl.h:412: error: parse error before '}' token
/usr/lib/gcc/i686-pc-cygwin/3.4.4/../../../../include/w32api/winioctl.h:412: error: ISO C forbids data definition with no type or storage class
/usr/lib/gcc/i686-pc-cygwin/3.4.4/../../../../include/w32api/winioctl.h:414: error: parse error before "LARGE_INTEGER"
/usr/lib/gcc/i686-pc-cygwin/3.4.4/../../../../include/w32api/winioctl.h:415: error: ISO C forbids data definition with no type or storage class
/usr/lib/gcc/i686-pc-cygwin/3.4.4/../../../../include/w32api/winioctl.h:416: error: parse error before "HiddenSectors"
/usr/lib/gcc/i686-pc-cygwin/3.4.4/../../../../include/w32api/winioctl.h:416: error: ISO C forbids data definition with no type or storage class
/usr/lib/gcc/i686-pc-cygwin/3.4.4/../../../../include/w32api/winioctl.h:417: error: parse error before "PartitionNumber"
/usr/lib/gcc/i686-pc-cygwin/3.4.4/../../../../include/w32api/winioctl.h:417: error: ISO C forbids data definition with no type or storage class
/usr/lib/gcc/i686-pc-cygwin/3.4.4/../../../../include/w32api/winioctl.h:418: error: parse error before "PartitionType"
/usr/lib/gcc/i686-pc-cygwin/3.4.4/../../../../include/w32api/winioctl.h:418: error: ISO C forbids data definition with no type or storage class
/usr/lib/gcc/i686-pc-cygwin/3.4.4/../../../../include/w32api/winioctl.h:419: error: parse error before "BootIndicator"
/usr/lib/gcc/i686-pc-cygwin/3.4.4/../../../../include/w32api/winioctl.h:419: error: ISO C forbids data definition with no type or storage class
/usr/lib/gcc/i686-pc-cygwin/3.4.4/../../../../include/w32api/winioctl.h:420: error: parse error before "RecognizedPartition"
/usr/lib/gcc/i686-pc-cygwin/3.4.4/../../../../include/w32api/winioctl.h:420: error: ISO C forbids data definition with no type or storage class
/usr/lib/gcc/i686-pc-cygwin/3.4.4/../../../../include/w32api/winioctl.h:421: error: parse error before "RewritePartition"
/usr/lib/gcc/i686-pc-cygwin/3.4.4/../../../../include/w32api/winioctl.h:421: error: ISO C forbids data definition with no type or storage class
/usr/lib/gcc/i686-pc-cygwin/3.4.4/../../../../include/w32api/winioctl.h:422: error: ISO C forbids data definition with no type or storage class
/usr/lib/gcc/i686-pc-cygwin/3.4.4/../../../../include/w32api/winioctl.h:424: error: parse error before "DWORD"
/usr/lib/gcc/i686-pc-cygwin/3.4.4/../../../../include/w32api/winioctl.h:425: error: ISO C forbids data definition with no type or storage class
/usr/lib/gcc/i686-pc-cygwin/3.4.4/../../../../include/w32api/winioctl.h:426: error: parse error before "PartitionEntry"
/usr/lib/gcc/i686-pc-cygwin/3.4.4/../../../../include/w32api/winioctl.h:426: error: ISO C forbids data definition with no type or storage class
/usr/lib/gcc/i686-pc-cygwin/3.4.4/../../../../include/w32api/winioctl.h:427: error: parse error before '}' token
/usr/lib/gcc/i686-pc-cygwin/3.4.4/../../../../include/w32api/winioctl.h:427: error: ISO C forbids data definition with no type or storage class
/usr/lib/gcc/i686-pc-cygwin/3.4.4/../../../../include/w32api/winioctl.h:429: error: parse error before "GUID"
/usr/lib/gcc/i686-pc-cygwin/3.4.4/../../../../include/w32api/winioctl.h:430: error: ISO C forbids data definition with no type or storage class
/usr/lib/gcc/i686-pc-cygwin/3.4.4/../../../../include/w32api/winioctl.h:431: error: parse error before "UsableLength"
/usr/lib/gcc/i686-pc-cygwin/3.4.4/../../../../include/w32api/winioctl.h:431: error: ISO C forbids data definition with no type or storage class
/usr/lib/gcc/i686-pc-cygwin/3.4.4/../../../../include/w32api/winioctl.h:432: error: parse error before "MaxPartitionCount"
/usr/lib/gcc/i686-pc-cygwin/3.4.4/../../../../include/w32api/winioctl.h:432: error: ISO C forbids data definition with no type or storage class
/usr/lib/gcc/i686-pc-cygwin/3.4.4/../../../../include/w32api/winioctl.h:433: error: ISO C forbids data definition with no type or storage class
/usr/lib/gcc/i686-pc-cygwin/3.4.4/../../../../include/w32api/winioctl.h:435: error: parse error before "ULONG"
/usr/lib/gcc/i686-pc-cygwin/3.4.4/../../../../include/w32api/winioctl.h:436: error: ISO C forbids data definition with no type or storage class
/usr/lib/gcc/i686-pc-cygwin/3.4.4/../../../../include/w32api/winioctl.h:438: error: parse error before "BYTE"
/usr/lib/gcc/i686-pc-cygwin/3.4.4/../../../../include/w32api/winioctl.h:439: error: ISO C forbids data definition with no type or storage class
/usr/lib/gcc/i686-pc-cygwin/3.4.4/../../../../include/w32api/winioctl.h:440: error: parse error before "RecognizedPartition"
/usr/lib/gcc/i686-pc-cygwin/3.4.4/../../../../include/w32api/winioctl.h:440: error: ISO C forbids data definition with no type or storage class
/usr/lib/gcc/i686-pc-cygwin/3.4.4/../../../../include/w32api/winioctl.h:441: error: parse error before "HiddenSectors"
/usr/lib/gcc/i686-pc-cygwin/3.4.4/../../../../include/w32api/winioctl.h:441: error: ISO C forbids data definition with no type or storage class
/usr/lib/gcc/i686-pc-cygwin/3.4.4/../../../../include/w32api/winioctl.h:442: error: ISO C forbids data definition with no type or storage class
/usr/lib/gcc/i686-pc-cygwin/3.4.4/../../../../include/w32api/winioctl.h:444: error: parse error before "GUID"
/usr/lib/gcc/i686-pc-cygwin/3.4.4/../../../../include/w32api/winioctl.h:445: error: ISO C forbids data definition with no type or storage class
/usr/lib/gcc/i686-pc-cygwin/3.4.4/../../../../include/w32api/winioctl.h:446: error: parse error before "Attributes"
/usr/lib/gcc/i686-pc-cygwin/3.4.4/../../../../include/w32api/winioctl.h:446: error: ISO C forbids data definition with no type or storage class
/usr/lib/gcc/i686-pc-cygwin/3.4.4/../../../../include/w32api/winioctl.h:447: error: parse error before "Name"
/usr/lib/gcc/i686-pc-cygwin/3.4.4/../../../../include/w32api/winioctl.h:447: error: ISO C forbids data definition with no type or storage class
/usr/lib/gcc/i686-pc-cygwin/3.4.4/../../../../include/w32api/winioctl.h:448: error: parse error before '}' token
/usr/lib/gcc/i686-pc-cygwin/3.4.4/../../../../include/w32api/winioctl.h:448: error: ISO C forbids data definition with no type or storage class
/usr/lib/gcc/i686-pc-cygwin/3.4.4/../../../../include/w32api/winioctl.h:451: error: parse error before "LARGE_INTEGER"
/usr/lib/gcc/i686-pc-cygwin/3.4.4/../../../../include/w32api/winioctl.h:452: error: ISO C forbids data definition with no type or storage class
/usr/lib/gcc/i686-pc-cygwin/3.4.4/../../../../include/w32api/winioctl.h:453: error: parse error before "PartitionNumber"
/usr/lib/gcc/i686-pc-cygwin/3.4.4/../../../../include/w32api/winioctl.h:453: error: ISO C forbids data definition with no type or storage class
/usr/lib/gcc/i686-pc-cygwin/3.4.4/../../../../include/w32api/winioctl.h:454: error: parse error before "RewritePartition"
/usr/lib/gcc/i686-pc-cygwin/3.4.4/../../../../include/w32api/winioctl.h:454: error: ISO C forbids data definition with no type or storage class
/usr/lib/gcc/i686-pc-cygwin/3.4.4/../../../../include/w32api/winioctl.h:455: error: syntax error before "union"
/usr/lib/gcc/i686-pc-cygwin/3.4.4/../../../../include/w32api/winioctl.h:457: error: ISO C forbids data definition with no type or storage class
/usr/lib/gcc/i686-pc-cygwin/3.4.4/../../../../include/w32api/winioctl.h:459: error: ISO C forbids data definition with no type or storage class
/usr/lib/gcc/i686-pc-cygwin/3.4.4/../../../../include/w32api/winioctl.h:461: error: parse error before "DWORD"
/usr/lib/gcc/i686-pc-cygwin/3.4.4/../../../../include/w32api/winioctl.h:462: error: ISO C forbids data definition with no type or storage class
/usr/lib/gcc/i686-pc-cygwin/3.4.4/../../../../include/w32api/winioctl.h:463: error: syntax error before "union"
/usr/lib/gcc/i686-pc-cygwin/3.4.4/../../../../include/w32api/winioctl.h:465: error: ISO C forbids data definition with no type or storage class
/usr/lib/gcc/i686-pc-cygwin/3.4.4/../../../../include/w32api/winioctl.h:467: error: parse error before "PartitionEntry"
/usr/lib/gcc/i686-pc-cygwin/3.4.4/../../../../include/w32api/winioctl.h:467: error: ISO C forbids data definition with no type or storage class
/usr/lib/gcc/i686-pc-cygwin/3.4.4/../../../../include/w32api/winioctl.h:468: error: parse error before '}' token
/usr/lib/gcc/i686-pc-cygwin/3.4.4/../../../../include/w32api/winioctl.h:468: error: ISO C forbids data definition with no type or storage class
/usr/lib/gcc/i686-pc-cygwin/3.4.4/../../../../include/w32api/winioctl.h:470: error: parse error before "HANDLE"
/usr/lib/gcc/i686-pc-cygwin/3.4.4/../../../../include/w32api/winioctl.h:471: error: ISO C forbids data definition with no type or storage class
/usr/lib/gcc/i686-pc-cygwin/3.4.4/../../../../include/w32api/winioctl.h:472: error: parse error before "StartingLcn"
/usr/lib/gcc/i686-pc-cygwin/3.4.4/../../../../include/w32api/winioctl.h:472: error: ISO C forbids data definition with no type or storage class
/usr/lib/gcc/i686-pc-cygwin/3.4.4/../../../../include/w32api/winioctl.h:473: error: parse error before "ClusterCount"
/usr/lib/gcc/i686-pc-cygwin/3.4.4/../../../../include/w32api/winioctl.h:473: error: ISO C forbids data definition with no type or storage class
/usr/lib/gcc/i686-pc-cygwin/3.4.4/../../../../include/w32api/winioctl.h:474: error: ISO C forbids data definition with no type or storage class
/usr/lib/gcc/i686-pc-cygwin/3.4.4/../../../../include/w32api/winioctl.h:476: error: parse error before "DWORD"
/usr/lib/gcc/i686-pc-cygwin/3.4.4/../../../../include/w32api/winioctl.h:477: error: ISO C forbids data definition with no type or storage class
/usr/lib/gcc/i686-pc-cygwin/3.4.4/../../../../include/w32api/winioctl.h:478: error: parse error before "BinsRanges"
/usr/lib/gcc/i686-pc-cygwin/3.4.4/../../../../include/w32api/winioctl.h:478: error: ISO C forbids data definition with no type or storage class
/usr/lib/gcc/i686-pc-cygwin/3.4.4/../../../../include/w32api/winioctl.h:479: error: parse error before '}' token
/usr/lib/gcc/i686-pc-cygwin/3.4.4/../../../../include/w32api/winioctl.h:479: error: ISO C forbids data definition with no type or storage class
/usr/lib/gcc/i686-pc-cygwin/3.4.4/../../../../include/w32api/winioctl.h:481: error: parse error before "BOOLEAN"
/usr/lib/gcc/i686-pc-cygwin/3.4.4/../../../../include/w32api/winioctl.h:482: error: ISO C forbids data definition with no type or storage class
/usr/lib/gcc/i686-pc-cygwin/3.4.4/../../../../include/w32api/winioctl.h:484: error: parse error before "DWORD"
/usr/lib/gcc/i686-pc-cygwin/3.4.4/../../../../include/w32api/winioctl.h:485: error: ISO C forbids data definition with no type or storage class
/usr/lib/gcc/i686-pc-cygwin/3.4.4/../../../../include/w32api/winioctl.h:487: error: parse error before "LARGE_INTEGER"
/usr/lib/gcc/i686-pc-cygwin/3.4.4/../../../../include/w32api/winioctl.h:488: error: ISO C forbids data definition with no type or storage class
/usr/lib/gcc/i686-pc-cygwin/3.4.4/../../../../include/w32api/winioctl.h:489: error: ISO C forbids data definition with no type or storage class
/usr/lib/gcc/i686-pc-cygwin/3.4.4/../../../../include/w32api/winioctl.h:490: error: parse error before '}' token
/usr/lib/gcc/i686-pc-cygwin/3.4.4/../../../../include/w32api/winioctl.h:490: error: ISO C forbids data definition with no type or storage class
/usr/lib/gcc/i686-pc-cygwin/3.4.4/../../../../include/w32api/winioctl.h:492: error: parse error before "WORD"
/usr/lib/gcc/i686-pc-cygwin/3.4.4/../../../../include/w32api/winioctl.h:493: error: ISO C forbids data definition with no type or storage class
/usr/lib/gcc/i686-pc-cygwin/3.4.4/../../../../include/w32api/winioctl.h:494: error: parse error before "BlockNumber"
/usr/lib/gcc/i686-pc-cygwin/3.4.4/../../../../include/w32api/winioctl.h:494: error: ISO C forbids data definition with no type or storage class
/usr/lib/gcc/i686-pc-cygwin/3.4.4/../../../../include/w32api/winioctl.h:495: error: parse error before '}' token
/usr/lib/gcc/i686-pc-cygwin/3.4.4/../../../../include/w32api/winioctl.h:495: error: ISO C forbids data definition with no type or storage class
/usr/lib/gcc/i686-pc-cygwin/3.4.4/../../../../include/w32api/winioctl.h:497: error: parse error before "BYTE"
/usr/lib/gcc/i686-pc-cygwin/3.4.4/../../../../include/w32api/winioctl.h:498: error: ISO C forbids data definition with no type or storage class
/usr/lib/gcc/i686-pc-cygwin/3.4.4/../../../../include/w32api/winioctl.h:500: error: parse error before "LARGE_INTEGER"
/usr/lib/gcc/i686-pc-cygwin/3.4.4/../../../../include/w32api/winioctl.h:501: error: ISO C forbids data definition with no type or storage class
/usr/lib/gcc/i686-pc-cygwin/3.4.4/../../../../include/w32api/winioctl.h:503: error: parse error before "LARGE_INTEGER"
/usr/lib/gcc/i686-pc-cygwin/3.4.4/../../../../include/w32api/winioctl.h:504: error: ISO C forbids data definition with no type or storage class
/usr/lib/gcc/i686-pc-cygwin/3.4.4/../../../../include/w32api/winioctl.h:506: error: parse error before "LARGE_INTEGER"
/usr/lib/gcc/i686-pc-cygwin/3.4.4/../../../../include/w32api/winioctl.h:507: error: ISO C forbids data definition with no type or storage class
/usr/lib/gcc/i686-pc-cygwin/3.4.4/../../../../include/w32api/winioctl.h:508: error: ISO C forbids data definition with no type or storage class
/usr/lib/gcc/i686-pc-cygwin/3.4.4/../../../../include/w32api/winioctl.h:510: error: parse error before "LARGE_INTEGER"
/usr/lib/gcc/i686-pc-cygwin/3.4.4/../../../../include/w32api/winioctl.h:511: error: ISO C forbids data definition with no type or storage class
/usr/lib/gcc/i686-pc-cygwin/3.4.4/../../../../include/w32api/winioctl.h:512: error: parse error before "Buffer"
/usr/lib/gcc/i686-pc-cygwin/3.4.4/../../../../include/w32api/winioctl.h:512: error: ISO C forbids data definition with no type or storage class
/usr/lib/gcc/i686-pc-cygwin/3.4.4/../../../../include/w32api/winioctl.h:513: error: parse error before '}' token
/usr/lib/gcc/i686-pc-cygwin/3.4.4/../../../../include/w32api/winioctl.h:513: error: ISO C forbids data definition with no type or storage class
/usr/lib/gcc/i686-pc-cygwin/3.4.4/../../../../include/w32api/winioctl.h:515: error: parse error before "LARGE_INTEGER"
/usr/lib/gcc/i686-pc-cygwin/3.4.4/../../../../include/w32api/winioctl.h:516: error: ISO C forbids data definition with no type or storage class
/usr/lib/gcc/i686-pc-cygwin/3.4.4/../../../../include/w32api/winioctl.h:517: error: parse error before "TotalClusters"
/usr/lib/gcc/i686-pc-cygwin/3.4.4/../../../../include/w32api/winioctl.h:517: error: ISO C forbids data definition with no type or storage class
/usr/lib/gcc/i686-pc-cygwin/3.4.4/../../../../include/w32api/winioctl.h:518: error: parse error before "FreeClusters"
/usr/lib/gcc/i686-pc-cygwin/3.4.4/../../../../include/w32api/winioctl.h:518: error: ISO C forbids data definition with no type or storage class
/usr/lib/gcc/i686-pc-cygwin/3.4.4/../../../../include/w32api/winioctl.h:519: error: parse error before "TotalReserved"
/usr/lib/gcc/i686-pc-cygwin/3.4.4/../../../../include/w32api/winioctl.h:519: error: ISO C forbids data definition with no type or storage class
/usr/lib/gcc/i686-pc-cygwin/3.4.4/../../../../include/w32api/winioctl.h:520: error: parse error before "BytesPerSector"
/usr/lib/gcc/i686-pc-cygwin/3.4.4/../../../../include/w32api/winioctl.h:520: error: ISO C forbids data definition with no type or storage class
/usr/lib/gcc/i686-pc-cygwin/3.4.4/../../../../include/w32api/winioctl.h:521: error: parse error before "BytesPerCluster"
/usr/lib/gcc/i686-pc-cygwin/3.4.4/../../../../include/w32api/winioctl.h:521: error: ISO C forbids data definition with no type or storage class
/usr/lib/gcc/i686-pc-cygwin/3.4.4/../../../../include/w32api/winioctl.h:522: error: parse error before "BytesPerFileRecordSegment"
/usr/lib/gcc/i686-pc-cygwin/3.4.4/../../../../include/w32api/winioctl.h:522: error: ISO C forbids data definition with no type or storage class
/usr/lib/gcc/i686-pc-cygwin/3.4.4/../../../../include/w32api/winioctl.h:523: error: parse error before "ClustersPerFileRecordSegment"
/usr/lib/gcc/i686-pc-cygwin/3.4.4/../../../../include/w32api/winioctl.h:523: error: ISO C forbids data definition with no type or storage class
/usr/lib/gcc/i686-pc-cygwin/3.4.4/../../../../include/w32api/winioctl.h:524: error: parse error before "MftValidDataLength"
/usr/lib/gcc/i686-pc-cygwin/3.4.4/../../../../include/w32api/winioctl.h:524: error: ISO C forbids data definition with no type or storage class
/usr/lib/gcc/i686-pc-cygwin/3.4.4/../../../../include/w32api/winioctl.h:525: error: parse error before "MftStartLcn"
/usr/lib/gcc/i686-pc-cygwin/3.4.4/../../../../include/w32api/winioctl.h:525: error: ISO C forbids data definition with no type or storage class
/usr/lib/gcc/i686-pc-cygwin/3.4.4/../../../../include/w32api/winioctl.h:526: error: parse error before "Mft2StartLcn"
/usr/lib/gcc/i686-pc-cygwin/3.4.4/../../../../include/w32api/winioctl.h:526: error: ISO C forbids data definition with no type or storage class
/usr/lib/gcc/i686-pc-cygwin/3.4.4/../../../../include/w32api/winioctl.h:527: error: parse error before "MftZoneStart"
/usr/lib/gcc/i686-pc-cygwin/3.4.4/../../../../include/w32api/winioctl.h:527: error: ISO C forbids data definition with no type or storage class
/usr/lib/gcc/i686-pc-cygwin/3.4.4/../../../../include/w32api/winioctl.h:528: error: parse error before "MftZoneEnd"
/usr/lib/gcc/i686-pc-cygwin/3.4.4/../../../../include/w32api/winioctl.h:528: error: ISO C forbids data definition with no type or storage class
/usr/lib/gcc/i686-pc-cygwin/3.4.4/../../../../include/w32api/winioctl.h:529: error: ISO C forbids data definition with no type or storage class
configure:4015: $? = 1
configure: failed program was:
| /* confdefs.h.  */
| #define PACKAGE_NAME ""
| #define PACKAGE_TARNAME ""
| #define PACKAGE_VERSION ""
| #define PACKAGE_STRING ""
| #define PACKAGE_BUGREPORT ""
| #define HAVE_WINDOWS_H 1
| /* end confdefs.h.  */
| #include <stdio.h>
| #ifdef HAVE_SYS_TYPES_H
| # include <sys/types.h>
| #endif
| #ifdef HAVE_SYS_STAT_H
| # include <sys/stat.h>
| #endif
| #ifdef STDC_HEADERS
| # include <stdlib.h>
| # include <stddef.h>
| #else
| # ifdef HAVE_STDLIB_H
| #  include <stdlib.h>
| # endif
| #endif
| #ifdef HAVE_STRING_H
| # if !defined STDC_HEADERS && defined HAVE_MEMORY_H
| #  include <memory.h>
| # endif
| # include <string.h>
| #endif
| #ifdef HAVE_STRINGS_H
| # include <strings.h>
| #endif
| #ifdef HAVE_INTTYPES_H
| # include <inttypes.h>
| #endif
| #ifdef HAVE_STDINT_H
| # include <stdint.h>
| #endif
| #ifdef HAVE_UNISTD_H
| # include <unistd.h>
| #endif
| #include <winioctl.h>
configure:4029: result: no
configure:4033: checking winioctl.h presence
configure:4048: gcc -E  conftest.c
configure:4054: $? = 0
configure:4068: result: yes
configure:4081: WARNING: winioctl.h: present but cannot be compiled
configure:4083: WARNING: winioctl.h:     check for missing prerequisite headers?
configure:4085: WARNING: winioctl.h: see the Autoconf documentation
configure:4087: WARNING: winioctl.h:     section "Present But Cannot Be Compiled"
configure:4089: WARNING: winioctl.h: proceeding with the preprocessor's result
configure:4091: WARNING: winioctl.h: in the future, the compiler will take precedence
configure:4096: checking for winioctl.h
configure:4104: result: yes
configure:4121: checking for ANSI C header files
configure:4151: gcc -c -g -O2 -pipe -Wall -Wno-unused -Wshadow -Wbad-function-cast -Wmissing-prototypes -Wstrict-prototypes -Wcast-align -Wcast-qual -Wpointer-arith -Wwrite-strings -Wmissing-declarations -Wnested-externs -Wundef -pedantic -fno-common  conftest.c >&5
conftest.c:17: warning: function declaration isn't a prototype
configure:4157: $? = 0
configure:4285: result: no
configure:4314: checking fcntl.h usability
configure:4331: gcc -c -g -O2 -pipe -Wall -Wno-unused -Wshadow -Wbad-function-cast -Wmissing-prototypes -Wstrict-prototypes -Wcast-align -Wcast-qual -Wpointer-arith -Wwrite-strings -Wmissing-declarations -Wnested-externs -Wundef -pedantic -fno-common  conftest.c >&5
configure:4337: $? = 0
configure:4351: result: yes
configure:4355: checking fcntl.h presence
configure:4370: gcc -E  conftest.c
configure:4376: $? = 0
configure:4390: result: yes
configure:4418: checking for fcntl.h
configure:4426: result: yes
configure:4314: checking sys/types.h usability
configure:4331: gcc -c -g -O2 -pipe -Wall -Wno-unused -Wshadow -Wbad-function-cast -Wmissing-prototypes -Wstrict-prototypes -Wcast-align -Wcast-qual -Wpointer-arith -Wwrite-strings -Wmissing-declarations -Wnested-externs -Wundef -pedantic -fno-common  conftest.c >&5
configure:4337: $? = 0
configure:4351: result: yes
configure:4355: checking sys/types.h presence
configure:4370: gcc -E  conftest.c
configure:4376: $? = 0
configure:4390: result: yes
configure:4418: checking for sys/types.h
configure:4426: result: yes
configure:4314: checking sys/stat.h usability
configure:4331: gcc -c -g -O2 -pipe -Wall -Wno-unused -Wshadow -Wbad-function-cast -Wmissing-prototypes -Wstrict-prototypes -Wcast-align -Wcast-qual -Wpointer-arith -Wwrite-strings -Wmissing-declarations -Wnested-externs -Wundef -pedantic -fno-common  conftest.c >&5
configure:4337: $? = 0
configure:4351: result: yes
configure:4355: checking sys/stat.h presence
configure:4370: gcc -E  conftest.c
configure:4376: $? = 0
configure:4390: result: yes
configure:4418: checking for sys/stat.h
configure:4426: result: yes
configure:4314: checking limits.h usability
configure:4331: gcc -c -g -O2 -pipe -Wall -Wno-unused -Wshadow -Wbad-function-cast -Wmissing-prototypes -Wstrict-prototypes -Wcast-align -Wcast-qual -Wpointer-arith -Wwrite-strings -Wmissing-declarations -Wnested-externs -Wundef -pedantic -fno-common  conftest.c >&5
configure:4337: $? = 0
configure:4351: result: yes
configure:4355: checking limits.h presence
configure:4370: gcc -E  conftest.c
configure:4376: $? = 0
configure:4390: result: yes
configure:4418: checking for limits.h
configure:4426: result: yes
configure:4314: checking unistd.h usability
configure:4331: gcc -c -g -O2 -pipe -Wall -Wno-unused -Wshadow -Wbad-function-cast -Wmissing-prototypes -Wstrict-prototypes -Wcast-align -Wcast-qual -Wpointer-arith -Wwrite-strings -Wmissing-declarations -Wnested-externs -Wundef -pedantic -fno-common  conftest.c >&5
configure:4337: $? = 0
configure:4351: result: yes
configure:4355: checking unistd.h presence
configure:4370: gcc -E  conftest.c
configure:4376: $? = 0
configure:4390: result: yes
configure:4418: checking for unistd.h
configure:4426: result: yes
configure:4440: checking for an ANSI C-conforming const
configure:4515: gcc -c -g -O2 -pipe -Wall -Wno-unused -Wshadow -Wbad-function-cast -Wmissing-prototypes -Wstrict-prototypes -Wcast-align -Wcast-qual -Wpointer-arith -Wwrite-strings -Wmissing-declarations -Wnested-externs -Wundef -pedantic -fno-common  conftest.c >&5
conftest.c:18: warning: function declaration isn't a prototype
conftest.c: In function `main':
conftest.c:38: warning: cast discards qualifiers from pointer target type
conftest.c:60: warning: 'b' might be used uninitialized in this function
conftest.c:41: warning: 't' might be used uninitialized in this function
configure:4521: $? = 0
configure:4536: result: yes
configure:4546: checking for mode_t
configure:4576: gcc -c -g -O2 -pipe -Wall -Wno-unused -Wshadow -Wbad-function-cast -Wmissing-prototypes -Wstrict-prototypes -Wcast-align -Wcast-qual -Wpointer-arith -Wwrite-strings -Wmissing-declarations -Wnested-externs -Wundef -pedantic -fno-common  conftest.c >&5
conftest.c:51: warning: function declaration isn't a prototype
configure:4582: $? = 0
configure:4597: result: yes
configure:4609: checking for off_t
configure:4639: gcc -c -g -O2 -pipe -Wall -Wno-unused -Wshadow -Wbad-function-cast -Wmissing-prototypes -Wstrict-prototypes -Wcast-align -Wcast-qual -Wpointer-arith -Wwrite-strings -Wmissing-declarations -Wnested-externs -Wundef -pedantic -fno-common  conftest.c >&5
conftest.c:51: warning: function declaration isn't a prototype
configure:4645: $? = 0
configure:4660: result: yes
configure:4672: checking for pid_t
configure:4702: gcc -c -g -O2 -pipe -Wall -Wno-unused -Wshadow -Wbad-function-cast -Wmissing-prototypes -Wstrict-prototypes -Wcast-align -Wcast-qual -Wpointer-arith -Wwrite-strings -Wmissing-declarations -Wnested-externs -Wundef -pedantic -fno-common  conftest.c >&5
conftest.c:51: warning: function declaration isn't a prototype
configure:4708: $? = 0
configure:4723: result: yes
configure:4735: checking for size_t
configure:4765: gcc -c -g -O2 -pipe -Wall -Wno-unused -Wshadow -Wbad-function-cast -Wmissing-prototypes -Wstrict-prototypes -Wcast-align -Wcast-qual -Wpointer-arith -Wwrite-strings -Wmissing-declarations -Wnested-externs -Wundef -pedantic -fno-common  conftest.c >&5
conftest.c:51: warning: function declaration isn't a prototype
configure:4771: $? = 0
configure:4786: result: yes
configure:4798: checking whether struct tm is in sys/time.h or time.h
configure:4828: gcc -c -g -O2 -pipe -Wall -Wno-unused -Wshadow -Wbad-function-cast -Wmissing-prototypes -Wstrict-prototypes -Wcast-align -Wcast-qual -Wpointer-arith -Wwrite-strings -Wmissing-declarations -Wnested-externs -Wundef -pedantic -fno-common  conftest.c >&5
conftest.c:20: warning: function declaration isn't a prototype
configure:4834: $? = 0
configure:4849: result: time.h
configure:4868: checking for special C compiler options needed for large files
configure:4961: result: no
configure:4967: checking for _FILE_OFFSET_BITS value needed for large files
configure:5002: gcc -c -g -O2 -pipe -Wall -Wno-unused -Wshadow -Wbad-function-cast -Wmissing-prototypes -Wstrict-prototypes -Wcast-align -Wcast-qual -Wpointer-arith -Wwrite-strings -Wmissing-declarations -Wnested-externs -Wundef -pedantic -fno-common  conftest.c >&5
conftest.c:26: warning: function declaration isn't a prototype
configure:5008: $? = 0
configure:5076: result: no
configure:5216: checking for working memcmp
configure:5269: gcc -o conftest.exe -g -O2 -pipe -Wall -Wno-unused -Wshadow -Wbad-function-cast -Wmissing-prototypes -Wstrict-prototypes -Wcast-align -Wcast-qual -Wpointer-arith -Wwrite-strings -Wmissing-declarations -Wnested-externs -Wundef -pedantic -fno-common   -g conftest.c -lcurses  >&5
conftest.c:50: warning: function declaration isn't a prototype
conftest.c: In function `main':
conftest.c:54: warning: implicit declaration of function `memcmp'
conftest.c:54: warning: nested extern declaration of `memcmp'
conftest.c:68: warning: implicit declaration of function `strcpy'
conftest.c:68: warning: nested extern declaration of `strcpy'
configure:5272: $? = 0
configure:5278: ./conftest.exe
configure:5281: $? = 0
configure:5297: result: yes
configure:5310: checking for strftime
configure:5366: gcc -o conftest.exe -g -O2 -pipe -Wall -Wno-unused -Wshadow -Wbad-function-cast -Wmissing-prototypes -Wstrict-prototypes -Wcast-align -Wcast-qual -Wpointer-arith -Wwrite-strings -Wmissing-declarations -Wnested-externs -Wundef -pedantic -fno-common   -g conftest.c -lcurses  >&5
conftest.c:38: warning: function declaration isn't a prototype
conftest.c:38: warning: conflicting types for built-in function 'strftime'
conftest.c:48: warning: function declaration isn't a prototype
configure:5372: $? = 0
configure:5390: result: yes
configure:5476: checking for mktime
configure:5532: gcc -o conftest.exe -g -O2 -pipe -Wall -Wno-unused -Wshadow -Wbad-function-cast -Wmissing-prototypes -Wstrict-prototypes -Wcast-align -Wcast-qual -Wpointer-arith -Wwrite-strings -Wmissing-declarations -Wnested-externs -Wundef -pedantic -fno-common   -g conftest.c -lcurses  >&5
conftest.c:39: warning: function declaration isn't a prototype
conftest.c:49: warning: function declaration isn't a prototype
configure:5538: $? = 0
configure:5556: result: yes
configure:5476: checking for strerror
configure:5532: gcc -o conftest.exe -g -O2 -pipe -Wall -Wno-unused -Wshadow -Wbad-function-cast -Wmissing-prototypes -Wstrict-prototypes -Wcast-align -Wcast-qual -Wpointer-arith -Wwrite-strings -Wmissing-declarations -Wnested-externs -Wundef -pedantic -fno-common   -g conftest.c -lcurses  >&5
conftest.c:40: warning: function declaration isn't a prototype
conftest.c:50: warning: function declaration isn't a prototype
configure:5538: $? = 0
configure:5556: result: yes
configure:5678: creating ./config.status

## ---------------------- ##
## Running config.status. ##
## ---------------------- ##

This file was extended by config.status, which was
generated by GNU Autoconf 2.61.  Invocation command line was

  CONFIG_FILES    = 
  CONFIG_HEADERS  = 
  CONFIG_LINKS    = 
  CONFIG_COMMANDS = 
  $ ./config.status 

on davinci

config.status:620: creating Makefile
config.status:620: creating cpm.5
config.status:620: creating cpmchattr.1
config.status:620: creating cpmchmod.1
config.status:620: creating cpmcp.1
config.status:620: creating cpmls.1
config.status:620: creating cpmrm.1
config.status:620: creating fsck.cpm.1
config.status:620: creating fsed.cpm.1
config.status:620: creating mkfs.cpm.1
config.status:620: creating config.h
config.status:838: config.h is unchanged

## ---------------- ##
## Cache variables. ##
## ---------------- ##

ac_cv_build=i686-pc-cygwin
ac_cv_c_compiler_gnu=yes
ac_cv_c_const=yes
ac_cv_env_CC_set=
ac_cv_env_CC_value=
ac_cv_env_CFLAGS_set=
ac_cv_env_CFLAGS_value=
ac_cv_env_CPPFLAGS_set=
ac_cv_env_CPPFLAGS_value=
ac_cv_env_CPP_set=
ac_cv_env_CPP_value=
ac_cv_env_LDFLAGS_set=
ac_cv_env_LDFLAGS_value=
ac_cv_env_LIBS_set=
ac_cv_env_LIBS_value=
ac_cv_env_build_alias_set=
ac_cv_env_build_alias_value=
ac_cv_env_host_alias_set=
ac_cv_env_host_alias_value=
ac_cv_env_target_alias_set=
ac_cv_env_target_alias_value=
ac_cv_exeext=.exe
ac_cv_func_memcmp_working=yes
ac_cv_func_mktime=yes
ac_cv_func_strerror=yes
ac_cv_func_strftime=yes
ac_cv_header_fcntl_h=yes
ac_cv_header_limits_h=yes
ac_cv_header_stdc=no
ac_cv_header_sys_stat_h=yes
ac_cv_header_sys_types_h=yes
ac_cv_header_unistd_h=yes
ac_cv_header_windows_h=yes
ac_cv_header_winioctl_h=yes
ac_cv_host=i686-pc-cygwin
ac_cv_lib_curses_printw=yes
ac_cv_objext=o
ac_cv_path_install='/usr/bin/install -c'
ac_cv_prog_CPP='gcc -E'
ac_cv_prog_ac_ct_CC=gcc
ac_cv_prog_cc_c89=
ac_cv_prog_cc_g=yes
ac_cv_struct_tm=time.h
ac_cv_sys_file_offset_bits=no
ac_cv_sys_largefile_CC=no
ac_cv_type_mode_t=yes
ac_cv_type_off_t=yes
ac_cv_type_pid_t=yes
ac_cv_type_size_t=yes

## ----------------- ##
## Output variables. ##
## ----------------- ##

CC='gcc'
CFLAGS='-g -O2 -pipe -Wall -Wno-unused -Wshadow -Wbad-function-cast -Wmissing-prototypes -Wstrict-prototypes -Wcast-align -Wcast-qual -Wpointer-arith -Wwrite-strings -Wmissing-declarations -Wnested-externs -Wundef -pedantic -fno-common'
CPP='gcc -E'
CPPFLAGS=''
DATADIR='${prefix}/share'
DEFFORMAT='apple-do'
DEFS='-DHAVE_CONFIG_H'
DEVICE='win32'
DISKDEFS='/cpmtools/diskdefs'
ECHO_C=''
ECHO_N='-n'
ECHO_T=''
EGREP=''
EXEEXT='.exe'
FSED_CPM='fsed.cpm.exe'
GREP=''
INSTALL_DATA='${INSTALL} -m 644'
INSTALL_PROGRAM='${INSTALL}'
INSTALL_SCRIPT='${INSTALL}'
LDDEPS=''
LDFLAGS=' -g'
LDLIBS=''
LIBOBJS=''
LIBS='-lcurses '
LTLIBOBJS=''
OBJEXT='o'
PACKAGE_BUGREPORT=''
PACKAGE_NAME=''
PACKAGE_STRING=''
PACKAGE_TARNAME=''
PACKAGE_VERSION=''
PATH_SEPARATOR=':'
SHELL='/bin/sh'
UPDATED='November 20, 2009'
ac_ct_CC='gcc'
bindir='${exec_prefix}/bin'
build='i686-pc-cygwin'
build_alias=''
build_cpu='i686'
build_os='cygwin'
build_vendor='pc'
datadir='${datarootdir}'
datarootdir='${prefix}/share'
docdir='${datarootdir}/doc/${PACKAGE}'
dvidir='${docdir}'
exec_prefix='${prefix}'
host='i686-pc-cygwin'
host_alias=''
host_cpu='i686'
host_os='cygwin'
host_vendor='pc'
htmldir='${docdir}'
includedir='${prefix}/include'
infodir='${datarootdir}/info'
libdir='${exec_prefix}/lib'
libexecdir='${exec_prefix}/libexec'
localedir='${datarootdir}/locale'
localstatedir='${prefix}/var'
mandir='${datarootdir}/man'
oldincludedir='/usr/include'
pdfdir='${docdir}'
prefix='/usr/local'
program_transform_name='s,x,x,'
psdir='${docdir}'
sbindir='${exec_prefix}/sbin'
sharedstatedir='${prefix}/com'
sysconfdir='${prefix}/etc'
target_alias=''

## ----------- ##
## confdefs.h. ##
## ----------- ##

#define PACKAGE_NAME ""
#define PACKAGE_TARNAME ""
#define PACKAGE_VERSION ""
#define PACKAGE_STRING ""
#define PACKAGE_BUGREPORT ""
#define HAVE_WINDOWS_H 1
#define HAVE_WINIOCTL_H 1
#define HAVE_FCNTL_H 1
#define HAVE_SYS_TYPES_H 1
#define HAVE_SYS_STAT_H 1
#define HAVE_LIMITS_H 1
#define HAVE_UNISTD_H 1
#define HAVE_STRFTIME 1
#define HAVE_MKTIME 1
#define HAVE_STRERROR 1

configure: exit 0
